<?xml version="1.0" encoding="UTF-8"?>
<testng-results skipped="0" failed="0" ignored="0" total="1" passed="1">
  <reporter-output>
  </reporter-output>
  <suite name="Default suite" duration-ms="119407" started-at="2022-01-10T19:44:59 IST" finished-at="2022-01-10T19:46:59 IST">
    <groups>
    </groups>
    <test name="Default test" duration-ms="119407" started-at="2022-01-10T19:44:59 IST" finished-at="2022-01-10T19:46:59 IST">
      <class name="Framework.SeleniumExercise_1.MainBase">
        <test-method status="PASS" signature="system()[pri:0, instance:Framework.SeleniumExercise_1.MainBase@74455848]" name="system" duration-ms="119215" started-at="2022-01-10T19:44:59 IST" finished-at="2022-01-10T19:46:59 IST">
          <reporter-output>
          </reporter-output>
        </test-method> <!-- system -->
      </class> <!-- Framework.SeleniumExercise_1.MainBase -->
    </test> <!-- Default test -->
  </suite> <!-- Default suite -->
</testng-results>
